entr: No regular files to watch
[master 7c58161] Entr auto update
 1 file changed, 2 insertions(+), 1 deletion(-)
warning: redirecting to https://github.com/white-waluigi/vimrc.git/
remote: This repository moved. Please use the new location:        
remote:   https://github.com/White-waluigi/vimrc.git        
To https://www.github.com/white-waluigi/vimrc
   7cf72b8..7c58161  master -> master
[master 8b04b47] Entr auto update
 1 file changed, 7 insertions(+)
warning: redirecting to https://github.com/white-waluigi/vimrc.git/
remote: This repository moved. Please use the new location:        
remote:   https://github.com/White-waluigi/vimrc.git        
To https://www.github.com/white-waluigi/vimrc
   7c58161..8b04b47  master -> master
fatal: Unable to create '/home/marvin/Documents/vimrc/.git/index.lock': File exists.

Another git process seems to be running in this repository, e.g.
an editor opened by 'git commit'. Please make sure all processes
are terminated then try again. If it still fails, a git process
may have crashed in this repository earlier:
remove the file manually to continue.
fatal: Unable to create '/home/marvin/Documents/vimrc/.git/index.lock': File exists.

Another git process seems to be running in this repository, e.g.
an editor opened by 'git commit'. Please make sure all processes
are terminated then try again. If it still fails, a git process
may have crashed in this repository earlier:
remove the file manually to continue.
